#
# A fatal error has been detected by the Java Runtime Environment:
#
#  Internal Error (sharedRuntime.cpp:532), pid=57675, tid=6147
#  Error: ShouldNotReachHere()
#
# JRE version: OpenJDK Runtime Environment Zulu16.28+11-CA (16.0+36) (build 16+36)
# Java VM: OpenJDK 64-Bit Server VM Zulu16.28+11-CA (16+36, mixed mode, tiered, compressed oops, g1 gc, bsd-aarch64)
# No core dump will be written. Core dumps have been disabled. To enable core dumping, try "ulimit -c unlimited" before starting Java again
#
# If you would like to submit a bug report, please visit:
#   http://www.azulsystems.com/support/
#

---------------  S U M M A R Y ------------

Command Line: -Dapplication.home=/Library/Java/JavaVirtualMachines/zulu-16.jdk/Contents/Home --add-modules=ALL-DEFAULT -Xms8m -Djdk.module.main=jdk.compiler jdk.compiler/com.sun.tools.javac.Main -d out/ src/Author.java src/Main.java src/Person.java

Host: MacBookPro17,1 arm64 1 MHz, 8 cores, 8G, Darwin 20.5.0, macOS 11.4 (20F71)
Time: Tue Jul 13 12:10:48 2021 CDT elapsed time: 0.216782 seconds (0d 0h 0m 0s)

---------------  T H R E A D  ---------------

Current thread (0x000000012401f200):  JavaThread "main" [_thread_in_Java, id=6147, stack(0x000000016d4ac000,0x000000016d6af000)]

Stack: [0x000000016d4ac000,0x000000016d6af000],  sp=0x000000016d6ad750,  free space=2053k
Native frames: (J=compiled Java code, A=aot compiled Java code, j=interpreted, Vv=VM code, C=native code)
V  [libjvm.dylib+0x9abf04]  VMError::report_and_die(int, char const*, char const*, char*, Thread*, unsigned char*, void*, void*, char const*, int, unsigned long)+0x46c
V  [libjvm.dylib+0x9ac658]  VMError::report_and_die(Thread*, void*, char const*, int, char const*, char const*, char*)+0x40
V  [libjvm.dylib+0x2a9dd0]  report_vm_error(char const*, int, char const*, char const*, ...)+0x5c
V  [libjvm.dylib+0x2a9fa4]  report_should_not_reach_here(char const*, int)+0x2c
V  [libjvm.dylib+0x81388c]  SharedRuntime::raw_exception_handler_for_return_address(JavaThread*, unsigned char*)+0x178
V  [libjvm.dylib+0x813930]  SharedRuntime::exception_handler_for_return_address(JavaThread*, unsigned char*)+0x28
v  ~StubRoutines::forward exception
j  java.lang.Class.forName(Ljava/lang/String;ZLjava/lang/ClassLoader;)Ljava/lang/Class;+43 java.base@16
j  java.util.ResourceBundle$3.run()Ljava/lang/Class;+9 java.base@16
j  java.util.ResourceBundle$3.run()Ljava/lang/Object;+1 java.base@16
j  java.security.AccessController.executePrivileged(Ljava/security/PrivilegedAction;Ljava/security/AccessControlContext;Ljava/lang/Class;)Ljava/lang/Object;+29 java.base@16
j  java.security.AccessController.doPrivileged(Ljava/security/PrivilegedAction;)Ljava/lang/Object;+5 java.base@16
j  java.util.ResourceBundle.getResourceBundleProviderType(Ljava/lang/String;Ljava/lang/ClassLoader;)Ljava/lang/Class;+85 java.base@16
j  java.util.ResourceBundle.getServiceLoader(Ljava/lang/Module;Ljava/lang/String;)Ljava/util/ServiceLoader;+16 java.base@16
j  java.util.ResourceBundle$CacheKey.getProviders()Ljava/util/ServiceLoader;+16 java.base@16
j  java.util.ResourceBundle$CacheKey.hasProviders()Z+1 java.base@16
j  java.util.ResourceBundle.loadBundle(Ljava/util/ResourceBundle$CacheKey;Ljava/util/List;Ljava/util/ResourceBundle$Control;Ljava/lang/Module;Ljava/lang/Module;)Ljava/util/ResourceBundle;+16 java.base@16
j  java.util.ResourceBundle.findBundle(Ljava/lang/Module;Ljava/lang/Module;Ljava/util/ResourceBundle$CacheKey;Ljava/util/List;Ljava/util/List;ILjava/util/ResourceBundle$Control;Ljava/util/ResourceBundle;)Ljava/util/ResourceBundle;+249 java.base@16
j  java.util.ResourceBundle.findBundle(Ljava/lang/Module;Ljava/lang/Module;Ljava/util/ResourceBundle$CacheKey;Ljava/util/List;Ljava/util/List;ILjava/util/ResourceBundle$Control;Ljava/util/ResourceBundle;)Ljava/util/ResourceBundle;+43 java.base@16
j  java.util.ResourceBundle.findBundle(Ljava/lang/Module;Ljava/lang/Module;Ljava/util/ResourceBundle$CacheKey;Ljava/util/List;Ljava/util/List;ILjava/util/ResourceBundle$Control;Ljava/util/ResourceBundle;)Ljava/util/ResourceBundle;+43 java.base@16
j  java.util.ResourceBundle.getBundleImpl(Ljava/lang/Module;Ljava/lang/Module;Ljava/lang/String;Ljava/util/Locale;Ljava/util/ResourceBundle$Control;)Ljava/util/ResourceBundle;+196 java.base@16
j  java.util.ResourceBundle.getBundleImpl(Ljava/lang/String;Ljava/util/Locale;Ljava/lang/Class;Ljava/lang/ClassLoader;Ljava/util/ResourceBundle$Control;)Ljava/util/ResourceBundle;+45 java.base@16
j  java.util.ResourceBundle.getBundleImpl(Ljava/lang/String;Ljava/util/Locale;Ljava/lang/Class;Ljava/util/ResourceBundle$Control;)Ljava/util/ResourceBundle;+8 java.base@16
j  java.util.ResourceBundle.getBundle(Ljava/lang/String;Ljava/util/Locale;)Ljava/util/ResourceBundle;+12 java.base@16
j  com.sun.tools.javac.util.JavacMessages.lambda$add$0(Ljava/lang/String;Ljava/util/Locale;)Ljava/util/ResourceBundle;+2 jdk.compiler@16
j  com.sun.tools.javac.util.JavacMessages$$Lambda$20+0x000000030008d738.getResourceBundle(Ljava/util/Locale;)Ljava/util/ResourceBundle;+5 jdk.compiler@16
j  com.sun.tools.javac.util.JavacMessages.getBundles(Ljava/util/Locale;)Lcom/sun/tools/javac/util/List;+92 jdk.compiler@16
j  com.sun.tools.javac.util.JavacMessages.setCurrentLocale(Ljava/util/Locale;)V+11 jdk.compiler@16
j  com.sun.tools.javac.util.JavacMessages.<init>(Ljava/lang/String;Ljava/util/Locale;)V+29 jdk.compiler@16
j  com.sun.tools.javac.util.JavacMessages.<init>(Lcom/sun/tools/javac/util/Context;)V+12 jdk.compiler@16
j  com.sun.tools.javac.util.JavacMessages.instance(Lcom/sun/tools/javac/util/Context;)Lcom/sun/tools/javac/util/JavacMessages;+20 jdk.compiler@16
j  com.sun.tools.javac.util.JCDiagnostic$Factory.<init>(Lcom/sun/tools/javac/util/Context;)V+2 jdk.compiler@16
j  com.sun.tools.javac.util.JCDiagnostic$Factory.instance(Lcom/sun/tools/javac/util/Context;)Lcom/sun/tools/javac/util/JCDiagnostic$Factory;+20 jdk.compiler@16
j  com.sun.tools.javac.util.Log.<init>(Lcom/sun/tools/javac/util/Context;Ljava/util/Map;)V+2 jdk.compiler@16
j  com.sun.tools.javac.util.Log.<init>(Lcom/sun/tools/javac/util/Context;)V+6 jdk.compiler@16
j  com.sun.tools.javac.util.Log.instance(Lcom/sun/tools/javac/util/Context;)Lcom/sun/tools/javac/util/Log;+20 jdk.compiler@16
j  com.sun.tools.javac.main.Main.compile([Ljava/lang/String;Lcom/sun/tools/javac/util/Context;)Lcom/sun/tools/javac/main/Main$Result;+38 jdk.compiler@16
j  com.sun.tools.javac.main.Main.compile([Ljava/lang/String;)Lcom/sun/tools/javac/main/Main$Result;+15 jdk.compiler@16
j  com.sun.tools.javac.Main.compile([Ljava/lang/String;)I+12 jdk.compiler@16
j  com.sun.tools.javac.Main.main([Ljava/lang/String;)V+1 jdk.compiler@16
v  ~StubRoutines::call_stub
V  [libjvm.dylib+0x43f718]  JavaCalls::call_helper(JavaValue*, methodHandle const&, JavaCallArguments*, Thread*)+0x30c
V  [libjvm.dylib+0x4a115c]  jni_invoke_static(JNIEnv_*, JavaValue*, _jobject*, JNICallType, _jmethodID*, JNI_ArgumentPusher*, Thread*)+0x120
V  [libjvm.dylib+0x4a4570]  jni_CallStaticVoidMethod+0x120
C  [libjli.dylib+0x5430]  JavaMain+0x9d4
C  [libjli.dylib+0x778c]  ThreadJavaMain+0xc
C  [libsystem_pthread.dylib+0x7878]  _pthread_start+0x140


---------------  P R O C E S S  ---------------

Threads class SMR info:
_java_thread_list=0x0000000123f6d110, length=11, elements={
0x000000012401f200, 0x0000000123008200, 0x0000000125082e00, 0x0000000124034000,
0x0000000124034600, 0x000000012508a000, 0x0000000125086600, 0x0000000124034c00,
0x000000013c010200, 0x000000012405fe00, 0x0000000125087400
}

Java Threads: ( => current thread )
=>0x000000012401f200 JavaThread "main" [_thread_in_Java, id=6147, stack(0x000000016d4ac000,0x000000016d6af000)]
  0x0000000123008200 JavaThread "Reference Handler" daemon [_thread_blocked, id=17923, stack(0x000000016e300000,0x000000016e503000)]
  0x0000000125082e00 JavaThread "Finalizer" daemon [_thread_blocked, id=16131, stack(0x000000016e50c000,0x000000016e70f000)]
  0x0000000124034000 JavaThread "Signal Dispatcher" daemon [_thread_blocked, id=22275, stack(0x000000016e830000,0x000000016ea33000)]
  0x0000000124034600 JavaThread "Service Thread" daemon [_thread_blocked, id=22787, stack(0x000000016ea3c000,0x000000016ec3f000)]
  0x000000012508a000 JavaThread "Monitor Deflation Thread" daemon [_thread_blocked, id=23299, stack(0x000000016ec48000,0x000000016ee4b000)]
  0x0000000125086600 JavaThread "C2 CompilerThread0" daemon [_thread_blocked, id=42243, stack(0x000000016ee54000,0x000000016f057000)]
  0x0000000124034c00 JavaThread "C1 CompilerThread0" daemon [_thread_blocked, id=41987, stack(0x000000016f060000,0x000000016f263000)]
  0x000000013c010200 JavaThread "Sweeper thread" daemon [_thread_blocked, id=41731, stack(0x000000016f26c000,0x000000016f46f000)]
  0x000000012405fe00 JavaThread "Common-Cleaner" daemon [_thread_blocked, id=41475, stack(0x000000016f478000,0x000000016f67b000)]
  0x0000000125087400 JavaThread "Notification Thread" daemon [_thread_blocked, id=41219, stack(0x000000016f684000,0x000000016f887000)]

Other Threads:
  0x0000000123e46470 VMThread "VM Thread" [stack: 0x000000016e0f4000,0x000000016e2f7000] [id=15363]
  0x0000000123f6d9c0 WatcherThread [stack: 0x000000016f890000,0x000000016fa93000] [id=24579]
  0x0000000123f0ac30 GCTaskThread "GC Thread#0" [stack: 0x000000016d6b8000,0x000000016d8bb000] [id=19971]
  0x0000000123f0bbb0 ConcurrentGCThread "G1 Main Marker" [stack: 0x000000016d8c4000,0x000000016dac7000] [id=12803]
  0x0000000123f0cab0 ConcurrentGCThread "G1 Conc#0" [stack: 0x000000016dad0000,0x000000016dcd3000] [id=18947]
  0x0000000123f10c00 ConcurrentGCThread "G1 Refine#0" [stack: 0x000000016dcdc000,0x000000016dedf000] [id=13571]
  0x0000000123f11ac0 ConcurrentGCThread "G1 Service" [stack: 0x000000016dee8000,0x000000016e0eb000] [id=14083]

Threads with active compile tasks:

VM state: not at safepoint (normal execution)

VM Mutex/Monitor currently owned by a thread: None

Heap address: 0x0000000740000000, size: 2048 MB, Compressed Oops mode: Zero based, Oop shift amount: 3
Compressed class space mapped at: 0x0000000300000000-0x0000000340000000, reserved size: 1073741824
Narrow klass base: 0x0000000000000000, Narrow klass shift: 3, Narrow klass range: 0x340000000

GC Precious Log:
 CPUs: 8 total, 8 available
 Memory: 8192M
 Large Page Support: Disabled
 NUMA Support: Disabled
 Compressed Oops: Enabled (Zero based)
 Heap Region Size: 1M
 Heap Min Capacity: 8M
 Heap Initial Capacity: 8M
 Heap Max Capacity: 2G
 Pre-touch: Disabled
 Parallel Workers: 8
 Concurrent Workers: 2
 Concurrent Refinement Workers: 8
 Periodic GC: Disabled

Heap:
 garbage-first heap   total 8192K, used 2048K [0x0000000740000000, 0x00000007c0000000)
  region size 1024K, 3 young (3072K), 0 survivors (0K)
 Metaspace       used 6521K, committed 6656K, reserved 1056768K
  class space    used 588K, committed 640K, reserved 1048576K

Heap Regions: E=young(eden), S=young(survivor), O=old, HS=humongous(starts), HC=humongous(continues), CS=collection set, F=free, OA=open archive, CA=closed archive, TAMS=top-at-mark-start (previous, next)
|   0|0x0000000740000000, 0x0000000740000000, 0x0000000740100000|  0%| F|  |TAMS 0x0000000740000000, 0x0000000740000000| Untracked 
|   1|0x0000000740100000, 0x0000000740100000, 0x0000000740200000|  0%| F|  |TAMS 0x0000000740100000, 0x0000000740100000| Untracked 
|   2|0x0000000740200000, 0x0000000740200000, 0x0000000740300000|  0%| F|  |TAMS 0x0000000740200000, 0x0000000740200000| Untracked 
|   3|0x0000000740300000, 0x0000000740300000, 0x0000000740400000|  0%| F|  |TAMS 0x0000000740300000, 0x0000000740300000| Untracked 
|   4|0x0000000740400000, 0x0000000740400000, 0x0000000740500000|  0%| F|  |TAMS 0x0000000740400000, 0x0000000740400000| Untracked 
|   5|0x0000000740500000, 0x000000074051f3b0, 0x0000000740600000| 12%| E|  |TAMS 0x0000000740500000, 0x0000000740500000| Complete 
|   6|0x0000000740600000, 0x0000000740700000, 0x0000000740700000|100%| E|CS|TAMS 0x0000000740600000, 0x0000000740600000| Complete 
|   7|0x0000000740700000, 0x0000000740800000, 0x0000000740800000|100%| E|CS|TAMS 0x0000000740700000, 0x0000000740700000| Complete 

Card table byte_map: [0x000000011fb68000,0x000000011ff68000] _byte_map_base: 0x000000011c168000

Marking Bits (Prev, Next): (CMBitMap*) 0x0000000125025210, (CMBitMap*) 0x0000000125025250
 Prev Bits: [0x0000000120368000, 0x0000000122368000)
 Next Bits: [0x0000000125800000, 0x0000000127800000)

Polling page: 0x0000000102a70000

Metaspace:

Usage:
  Non-class:      5.79 MB used.
      Class:    588.33 KB used.
       Both:      6.37 MB used.

Virtual space:
  Non-class space:        8.00 MB reserved,       5.88 MB ( 73%) committed,  1 nodes.
      Class space:        1.00 GB reserved,     640.00 KB ( <1%) committed,  1 nodes.
              Both:        1.01 GB reserved,       6.50 MB ( <1%) committed. 

Chunk freelists:
   Non-Class:  2.05 MB
       Class:  3.19 MB
        Both:  5.23 MB

MaxMetaspaceSize: 17179869184.00 GB
CompressedClassSpaceSize: 1.00 GB
 - commit_granule_bytes: 65536.
 - commit_granule_words: 8192.
 - virtual_space_node_default_size: 1048576.
 - enlarge_chunks_in_place: 1.
 - new_chunks_are_fully_committed: 0.
 - uncommit_free_chunks: 1.
 - use_allocation_guard: 0.
 - handle_deallocations: 1.


Internal statistics:

num_allocs_failed_limit: 0.
num_arena_births: 52.
num_arena_deaths: 0.
num_vsnodes_births: 2.
num_vsnodes_deaths: 0.
num_space_committed: 104.
num_space_uncommitted: 0.
num_chunks_returned_to_freelist: 0.
num_chunks_taken_from_freelist: 93.
num_chunk_merges: 0.
num_chunk_splits: 53.
num_chunks_enlarged: 36.
num_purges: 0.

CodeHeap 'non-profiled nmethods': size=120032Kb used=77Kb max_used=77Kb free=119954Kb
 bounds [0x0000000118230000, 0x00000001184a0000, 0x000000011f768000]
CodeHeap 'profiled nmethods': size=120016Kb used=424Kb max_used=424Kb free=119591Kb
 bounds [0x0000000110cfc000, 0x0000000110f6c000, 0x0000000118230000]
CodeHeap 'non-nmethods': size=5712Kb used=1045Kb max_used=1073Kb free=4666Kb
 bounds [0x0000000110768000, 0x00000001109d8000, 0x0000000110cfc000]
 total_blobs=630 nmethods=293 adapters=254
 compilation: enabled
              stopped_count=0, restarted_count=0
 full_count=0

Compilation events (20 events):
Event: 0.214 Thread 0x0000000124034c00 nmethod 284 0x0000000110d62890 code [0x0000000110d62a40, 0x0000000110d62bd8]
Event: 0.214 Thread 0x0000000124034c00  285       3       java.nio.DirectByteBufferR::slice (66 bytes)
Event: 0.214 Thread 0x0000000124034c00 nmethod 285 0x0000000110d62c90 code [0x0000000110d62e40, 0x0000000110d630d8]
Event: 0.214 Thread 0x0000000125086600 nmethod 274 0x0000000118242e90 code [0x0000000118243080, 0x0000000118243520]
Event: 0.214 Thread 0x0000000124034c00  286       3       java.util.Optional::<init> (10 bytes)
Event: 0.214 Thread 0x0000000124034c00 nmethod 286 0x0000000110d63210 code [0x0000000110d633c0, 0x0000000110d635a8]
Event: 0.215 Thread 0x0000000124034c00  287       3       jdk.internal.jimage.ImageStringsReader::get (9 bytes)
Event: 0.215 Thread 0x0000000124034c00 nmethod 287 0x0000000110d63690 code [0x0000000110d63840, 0x0000000110d63a58]
Event: 0.215 Thread 0x0000000124034c00  288       3       jdk.internal.jimage.BasicImageReader::getString (49 bytes)
Event: 0.215 Thread 0x0000000124034c00 nmethod 288 0x0000000110d63b10 code [0x0000000110d63d00, 0x0000000110d64078]
Event: 0.215 Thread 0x0000000124034c00  289       3       jdk.internal.jimage.ImageStringsReader::stringFromByteBuffer (28 bytes)
Event: 0.215 Thread 0x0000000124034c00 nmethod 289 0x0000000110d64210 code [0x0000000110d64400, 0x0000000110d64828]
Event: 0.215 Thread 0x0000000124034c00  290       3       java.nio.MappedByteBuffer::rewind (5 bytes)
Event: 0.215 Thread 0x0000000124034c00 nmethod 290 0x0000000110d64990 code [0x0000000110d64b40, 0x0000000110d64da8]
Event: 0.215 Thread 0x0000000124034c00  291       3       java.nio.MappedByteBuffer::rewind (7 bytes)
Event: 0.215 Thread 0x0000000124034c00 nmethod 291 0x0000000110d64f10 code [0x0000000110d650c0, 0x0000000110d652e8]
Event: 0.215 Thread 0x0000000124034c00  292       3       jdk.internal.org.objectweb.asm.Handler::getExceptionTableLength (21 bytes)
Event: 0.215 Thread 0x0000000124034c00 nmethod 292 0x0000000110d65410 code [0x0000000110d655c0, 0x0000000110d65768]
Event: 0.216 Thread 0x0000000124034c00  293       3       jdk.internal.misc.Unsafe::allocateUninitializedArray (55 bytes)
Event: 0.216 Thread 0x0000000124034c00 nmethod 293 0x0000000110d65890 code [0x0000000110d65ac0, 0x0000000110d65f28]

GC Heap History (0 events):
No events

Deoptimization events (0 events):
No events

Classes unloaded (0 events):
No events

Classes redefined (0 events):
No events

Internal exceptions (18 events):
Event: 0.120 Thread 0x000000012401f200 Exception <a 'java/lang/NoSuchMethodError'{0x0000000740786b28}: 'int java.lang.invoke.DirectMethodHandle$Holder.invokeStatic(java.lang.Object, java.lang.Object)'> (0x0000000740786b28) 
thrown [src/hotspot/share/interpreter/linkResolver.cpp, line 790]
Event: 0.121 Thread 0x000000012401f200 Exception <a 'java/lang/NoSuchMethodError'{0x000000074078ffb8}: 'java.lang.Object java.lang.invoke.Invokers$Holder.invokeExact_MT(java.lang.Object, java.lang.Object, java.lang.Object, java.lang.Object, java.lang.Object, java.lang.Object, java.lang.Object, java.lang.Object)'> (0x000000074078ffb8) 
thrown [src/hotspot/share/interpreter/linkResolver.cpp, line 790]
Event: 0.127 Thread 0x000000012401f200 Exception <a 'java/lang/NoSuchMethodError'{0x000000074079c2b8}: 'java.lang.Object java.lang.invoke.DirectMethodHandle$Holder.invokeStatic(java.lang.Object, java.lang.Object, java.lang.Object)'> (0x000000074079c2b8) 
thrown [src/hotspot/share/interpreter/linkResolver.cpp, line 790]
Event: 0.128 Thread 0x000000012401f200 Exception <a 'java/lang/NoSuchMethodError'{0x00000007407b49f8}: 'java.lang.Object java.lang.invoke.DirectMethodHandle$Holder.getReference(java.lang.Object, java.lang.Object)'> (0x00000007407b49f8) 
thrown [src/hotspot/share/interpreter/linkResolver.cpp, line 790]
Event: 0.128 Thread 0x000000012401f200 Exception <a 'java/lang/NoSuchMethodError'{0x00000007407b8db0}: 'java.lang.Object java.lang.invoke.LambdaForm$Holder.identity_L(java.lang.Object, java.lang.Object)'> (0x00000007407b8db0) 
thrown [src/hotspot/share/interpreter/linkResolver.cpp, line 790]
Event: 0.128 Thread 0x000000012401f200 Exception <a 'java/lang/NoSuchMethodError'{0x00000007407bbcf0}: 'java.lang.Object java.lang.invoke.LambdaForm$Holder.zero_L(java.lang.Object)'> (0x00000007407bbcf0) 
thrown [src/hotspot/share/interpreter/linkResolver.cpp, line 790]
Event: 0.130 Thread 0x000000012401f200 Exception <a 'java/lang/NoSuchMethodError'{0x00000007407c3710}: 'java.lang.Object java.lang.invoke.DirectMethodHandle$Holder.invokeSpecial(java.lang.Object, java.lang.Object)'> (0x00000007407c3710) 
thrown [src/hotspot/share/interpreter/linkResolver.cpp, line 790]
Event: 0.130 Thread 0x000000012401f200 Exception <a 'java/lang/NoSuchMethodError'{0x00000007407c6d48}: 'java.lang.Object java.lang.invoke.Invokers$Holder.linkToTargetMethod(java.lang.Object)'> (0x00000007407c6d48) 
thrown [src/hotspot/share/interpreter/linkResolver.cpp, line 790]
Event: 0.131 Thread 0x000000012401f200 Exception <a 'java/lang/NoSuchMethodError'{0x00000007407d4260}: 'java.lang.Object java.lang.invoke.DirectMethodHandle$Holder.newInvokeSpecial(java.lang.Object, java.lang.Object)'> (0x00000007407d4260) 
thrown [src/hotspot/share/interpreter/linkResolver.cpp, line 790]
Event: 0.131 Thread 0x000000012401f200 Exception <a 'java/lang/NoSuchMethodError'{0x00000007407d7f88}: 'java.lang.Object java.lang.invoke.DirectMethodHandle$Holder.invokeSpecial(java.lang.Object, java.lang.Object, java.lang.Object)'> (0x00000007407d7f88) 
thrown [src/hotspot/share/interpreter/linkResolver.cpp, line 790]
Event: 0.132 Thread 0x000000012401f200 Exception <a 'java/lang/NoSuchMethodError'{0x00000007407db470}: 'java.lang.Object java.lang.invoke.Invokers$Holder.linkToTargetMethod(java.lang.Object, java.lang.Object)'> (0x00000007407db470) 
thrown [src/hotspot/share/interpreter/linkResolver.cpp, line 790]
Event: 0.132 Thread 0x000000012401f200 Exception <a 'java/lang/NoSuchMethodError'{0x00000007407df018}: 'java.lang.Object java.lang.invoke.DirectMethodHandle$Holder.invokeVirtual(java.lang.Object, java.lang.Object)'> (0x00000007407df018) 
thrown [src/hotspot/share/interpreter/linkResolver.cpp, line 790]
Event: 0.133 Thread 0x000000012401f200 Exception <a 'java/lang/NoSuchMethodError'{0x00000007407e6338}: 'java.lang.Object java.lang.invoke.DirectMethodHandle$Holder.newInvokeSpecial(java.lang.Object)'> (0x00000007407e6338) 
thrown [src/hotspot/share/interpreter/linkResolver.cpp, line 790]
Event: 0.133 Thread 0x000000012401f200 Exception <a 'java/lang/NoSuchMethodError'{0x00000007407ec028}: 'int java.lang.invoke.DirectMethodHandle$Holder.invokeInterface(java.lang.Object, java.lang.Object, java.lang.Object)'> (0x00000007407ec028) 
thrown [src/hotspot/share/interpreter/linkResolver.cpp, line 790]
Event: 0.134 Thread 0x000000012401f200 Exception <a 'java/lang/NoSuchMethodError'{0x00000007407f5490}: 'java.lang.Object java.lang.invoke.DirectMethodHandle$Holder.invokeStatic(java.lang.Object, java.lang.Object)'> (0x00000007407f5490) 
thrown [src/hotspot/share/interpreter/linkResolver.cpp, line 790]
Event: 0.136 Thread 0x000000012401f200 Exception <a 'java/lang/NoSuchMethodError'{0x00000007407fe748}: 'int java.lang.invoke.DirectMethodHandle$Holder.invokeSpecial(java.lang.Object, java.lang.Object)'> (0x00000007407fe748) 
thrown [src/hotspot/share/interpreter/linkResolver.cpp, line 790]
Event: 0.207 Thread 0x000000012401f200 Exception <a 'java/lang/NoSuchMethodError'{0x00000007406c5088}: 'int java.lang.invoke.DirectMethodHandle$Holder.invokeStatic(java.lang.Object, int)'> (0x00000007406c5088) 
thrown [src/hotspot/share/interpreter/linkResolver.cpp, line 790]
Event: 0.211 Thread 0x000000012401f200 Exception <a 'java/lang/NoSuchMethodError'{0x00000007406eceb8}: 'java.lang.Object java.lang.invoke.DirectMethodHandle$Holder.invokeStatic(java.lang.Object)'> (0x00000007406eceb8) 
thrown [src/hotspot/share/interpreter/linkResolver.cpp, line 790]

Events (20 events):
Event: 0.216 loading class java/util/ResourceBundle$Control$CandidateListCache
Event: 0.216 loading class sun/util/locale/LocaleObjectCache
Event: 0.216 loading class sun/util/locale/LocaleObjectCache done
Event: 0.216 loading class java/util/ResourceBundle$Control$CandidateListCache done
Event: 0.216 loading class java/util/ResourceBundle$CacheKey
Event: 0.216 loading class java/util/ResourceBundle$CacheKey done
Event: 0.216 loading class java/util/ResourceBundle$KeyElementReference
Event: 0.216 loading class java/util/ResourceBundle$CacheKeyReference
Event: 0.216 loading class java/util/ResourceBundle$CacheKeyReference done
Event: 0.216 loading class java/util/ResourceBundle$KeyElementReference done
Event: 0.216 loading class java/util/LinkedList
Event: 0.216 loading class java/util/AbstractSequentialList
Event: 0.216 loading class java/util/AbstractSequentialList done
Event: 0.216 loading class java/util/LinkedList done
Event: 0.216 loading class java/util/LinkedList$Node
Event: 0.216 loading class java/util/LinkedList$Node done
Event: 0.216 loading class sun/util/locale/LocaleObjectCache$CacheEntry
Event: 0.216 loading class sun/util/locale/LocaleObjectCache$CacheEntry done
Event: 0.216 loading class java/util/ResourceBundle$3
Event: 0.216 loading class java/util/ResourceBundle$3 done


Dynamic libraries:
0x0000000194e7d000 	/usr/lib/libz.1.dylib
0x0000000102a08000 	/Library/Java/JavaVirtualMachines/zulu-16.jdk/Contents/Home/lib/libjli.dylib
0x000000019f387000 	/System/Library/Frameworks/Cocoa.framework/Versions/A/Cocoa
0x000000018d2ca000 	/System/Library/Frameworks/Security.framework/Versions/A/Security
0x000000019d6f5000 	/System/Library/Frameworks/ApplicationServices.framework/Versions/A/ApplicationServices
0x0000000194f23000 	/usr/lib/libSystem.B.dylib
0x0000000194f1d000 	/usr/lib/system/libcache.dylib
0x0000000194edc000 	/usr/lib/system/libcommonCrypto.dylib
0x0000000194f06000 	/usr/lib/system/libcompiler_rt.dylib
0x0000000194efd000 	/usr/lib/system/libcopyfile.dylib
0x000000018b240000 	/usr/lib/system/libcorecrypto.dylib
0x000000018b2e0000 	/usr/lib/system/libdispatch.dylib
0x000000018b499000 	/usr/lib/system/libdyld.dylib
0x0000000194f13000 	/usr/lib/system/libkeymgr.dylib
0x0000000198344000 	/usr/lib/system/liblaunch.dylib
0x0000000194ebe000 	/usr/lib/system/libmacho.dylib
0x0000000194730000 	/usr/lib/system/libquarantine.dylib
0x0000000194f10000 	/usr/lib/system/libremovefile.dylib
0x000000018fd26000 	/usr/lib/system/libsystem_asl.dylib
0x000000018b1ee000 	/usr/lib/system/libsystem_blocks.dylib
0x000000018b362000 	/usr/lib/system/libsystem_c.dylib
0x0000000194f0a000 	/usr/lib/system/libsystem_collections.dylib
0x0000000193d6a000 	/usr/lib/system/libsystem_configuration.dylib
0x00000001930ed000 	/usr/lib/system/libsystem_containermanager.dylib
0x0000000194c93000 	/usr/lib/system/libsystem_coreservices.dylib
0x000000018d8a1000 	/usr/lib/system/libsystem_darwin.dylib
0x0000000194f14000 	/usr/lib/system/libsystem_dnssd.dylib
0x000000018b35f000 	/usr/lib/system/libsystem_featureflags.dylib
0x000000018b4e2000 	/usr/lib/system/libsystem_info.dylib
0x0000000194e8f000 	/usr/lib/system/libsystem_m.dylib
0x000000018b2b4000 	/usr/lib/system/libsystem_malloc.dylib
0x000000018fcc1000 	/usr/lib/system/libsystem_networkextension.dylib
0x000000018dce4000 	/usr/lib/system/libsystem_notify.dylib
0x000000019a7f2000 	/usr/lib/system/libsystem_product_info_filter.dylib
0x0000000193d6f000 	/usr/lib/system/libsystem_sandbox.dylib
0x0000000194f0d000 	/usr/lib/system/libsystem_secinit.dylib
0x000000018b458000 	/usr/lib/system/libsystem_kernel.dylib
0x000000018b4db000 	/usr/lib/system/libsystem_platform.dylib
0x000000018b48c000 	/usr/lib/system/libsystem_pthread.dylib
0x0000000191293000 	/usr/lib/system/libsystem_symptoms.dylib
0x000000018b228000 	/usr/lib/system/libsystem_trace.dylib
0x0000000194eea000 	/usr/lib/system/libunwind.dylib
0x000000018b1f0000 	/usr/lib/system/libxpc.dylib
0x000000018b440000 	/usr/lib/libc++abi.dylib
0x000000018b325000 	/usr/lib/libobjc.A.dylib
0x0000000194ef5000 	/usr/lib/liboah.dylib
0x000000018b3e4000 	/usr/lib/libc++.1.dylib
0x000000018b50e000 	/System/Library/Frameworks/CoreFoundation.framework/Versions/A/CoreFoundation
0x000000018c2d5000 	/System/Library/Frameworks/Foundation.framework/Versions/C/Foundation
0x000000018dd3e000 	/System/Library/Frameworks/AppKit.framework/Versions/C/AppKit
0x0000000190b5c000 	/System/Library/Frameworks/CoreData.framework/Versions/A/CoreData
0x000000018ea7e000 	/System/Library/PrivateFrameworks/UIFoundation.framework/Versions/A/UIFoundation
0x000000019a584000 	/System/Library/PrivateFrameworks/RemoteViewServices.framework/Versions/A/RemoteViewServices
0x000000019379e000 	/System/Library/PrivateFrameworks/XCTTargetBootstrap.framework/Versions/A/XCTTargetBootstrap
0x00000001960dd000 	/usr/lib/libspindump.dylib
0x000000018eca5000 	/System/Library/Frameworks/UniformTypeIdentifiers.framework/Versions/A/UniformTypeIdentifiers
0x0000000191d86000 	/usr/lib/libapp_launch_measurement.dylib
0x0000000191d89000 	/System/Library/PrivateFrameworks/CoreAutoLayout.framework/Versions/A/CoreAutoLayout
0x000000019311b000 	/System/Library/Frameworks/Metal.framework/Versions/A/Metal
0x0000000193d7a000 	/usr/lib/liblangid.dylib
0x00000001937a2000 	/System/Library/PrivateFrameworks/CoreSVG.framework/Versions/A/CoreSVG
0x000000018fd58000 	/System/Library/PrivateFrameworks/SkyLight.framework/Versions/A/SkyLight
0x00000001900c3000 	/System/Library/Frameworks/CoreGraphics.framework/Versions/A/CoreGraphics
0x000000019aaa4000 	/System/Library/Frameworks/Accelerate.framework/Versions/A/Accelerate
0x0000000195b37000 	/System/Library/PrivateFrameworks/IconServices.framework/Versions/A/IconServices
0x00000001930ff000 	/System/Library/Frameworks/IOSurface.framework/Versions/A/IOSurface
0x000000019142a000 	/usr/lib/libDiagnosticMessagesClient.dylib
0x0000000193786000 	/System/Library/PrivateFrameworks/DFRFoundation.framework/Versions/A/DFRFoundation
0x000000018d62f000 	/usr/lib/libicucore.A.dylib
0x000000019762e000 	/System/Library/Frameworks/AudioToolbox.framework/Versions/A/AudioToolbox
0x0000000196843000 	/System/Library/PrivateFrameworks/DataDetectorsCore.framework/Versions/A/DataDetectorsCore
0x000000018fcd3000 	/usr/lib/libMobileGestalt.dylib
0x000000019347b000 	/System/Library/Frameworks/Carbon.framework/Versions/A/Frameworks/HIToolbox.framework/Versions/A/HIToolbox
0x0000000191825000 	/System/Library/Frameworks/QuartzCore.framework/Versions/A/QuartzCore
0x000000019a5bc000 	/System/Library/Frameworks/Carbon.framework/Versions/A/Frameworks/SpeechRecognition.framework/Versions/A/SpeechRecognition
0x0000000191b24000 	/System/Library/PrivateFrameworks/CoreUI.framework/Versions/A/CoreUI
0x000000018ccaf000 	/System/Library/Frameworks/CoreAudio.framework/Versions/A/CoreAudio
0x0000000191513000 	/System/Library/Frameworks/DiskArbitration.framework/Versions/A/DiskArbitration
0x0000000196490000 	/System/Library/PrivateFrameworks/MultitouchSupport.framework/Versions/A/MultitouchSupport
0x000000019683a000 	/System/Library/PrivateFrameworks/InternationalSupport.framework/Versions/A/InternationalSupport
0x000000018fcd1000 	/usr/lib/libenergytrace.dylib
0x000000018dc18000 	/System/Library/Frameworks/IOKit.framework/Versions/A/IOKit
0x000000019a8e7000 	/System/Library/Frameworks/CoreServices.framework/Versions/A/CoreServices
0x0000000191d1c000 	/System/Library/PrivateFrameworks/PerformanceAnalysis.framework/Versions/A/PerformanceAnalysis
0x00000001cd488000 	/System/Library/Frameworks/OpenGL.framework/Versions/A/OpenGL
0x00000001968b8000 	/System/Library/PrivateFrameworks/UserActivity.framework/Versions/A/UserActivity
0x00000001906b1000 	/System/Library/Frameworks/ColorSync.framework/Versions/A/ColorSync
0x00000001939ec000 	/System/Library/Frameworks/CoreImage.framework/Versions/A/CoreImage
0x000000018cadf000 	/System/Library/Frameworks/CoreText.framework/Versions/A/CoreText
0x00000001937cd000 	/System/Library/Frameworks/ImageIO.framework/Versions/A/ImageIO
0x0000000194f29000 	/System/Library/PrivateFrameworks/SoftLinking.framework/Versions/A/SoftLinking
0x0000000191dcc000 	/usr/lib/libxml2.2.dylib
0x00000001951a9000 	/usr/lib/libcompression.dylib
0x0000000196786000 	/System/Library/PrivateFrameworks/TextureIO.framework/Versions/A/TextureIO
0x0000000195894000 	/usr/lib/libate.dylib
0x00000001956dd000 	/usr/lib/liblzma.5.dylib
0x000000018bfea000 	/System/Library/Frameworks/SystemConfiguration.framework/Versions/A/SystemConfiguration
0x0000000194f25000 	/usr/lib/libfakelink.dylib
0x000000018f838000 	/System/Library/Frameworks/CFNetwork.framework/Versions/A/CFNetwork
0x000000019506f000 	/usr/lib/libarchive.2.dylib
0x000000018c072000 	/usr/lib/libCRFSuite.dylib
0x000000019475a000 	/usr/lib/libbsm.0.dylib
0x000000018f0ef000 	/usr/lib/libnetwork.dylib
0x0000000194f2a000 	/usr/lib/libpcap.A.dylib
0x000000019128b000 	/usr/lib/libdns_services.dylib
0x00000001956f6000 	/usr/lib/libcoretls_cfhelpers.dylib
0x0000000195178000 	/usr/lib/libapple_nghttp2.dylib
0x0000000194ec4000 	/usr/lib/system/libkxld.dylib
0x0000000190f1c000 	/usr/lib/libsqlite3.dylib
0x0000000194c76000 	/System/Library/PrivateFrameworks/AppleFSCompression.framework/Versions/A/AppleFSCompression
0x0000000194743000 	/usr/lib/libcoretls.dylib
0x00000001951a4000 	/usr/lib/libpam.2.dylib
0x00000001957dd000 	/usr/lib/libxar.1.dylib
0x0000000193d76000 	/System/Library/PrivateFrameworks/AppleSystemInfo.framework/Versions/A/AppleSystemInfo
0x0000000194393000 	/System/Library/PrivateFrameworks/IOMobileFramebuffer.framework/Versions/A/IOMobileFramebuffer
0x0000000194c86000 	/usr/lib/libbz2.1.0.dylib
0x0000000194f66000 	/usr/lib/libiconv.2.dylib
0x0000000194ebd000 	/usr/lib/libcharset.1.dylib
0x0000000191d55000 	/System/Library/Frameworks/CoreServices.framework/Versions/A/Frameworks/FSEvents.framework/Versions/A/FSEvents
0x000000018d8ac000 	/System/Library/Frameworks/CoreServices.framework/Versions/A/Frameworks/CarbonCore.framework/Versions/A/CarbonCore
0x0000000191479000 	/System/Library/Frameworks/CoreServices.framework/Versions/A/Frameworks/Metadata.framework/Versions/A/Metadata
0x0000000194c98000 	/System/Library/Frameworks/CoreServices.framework/Versions/A/Frameworks/OSServices.framework/Versions/A/OSServices
0x00000001950e0000 	/System/Library/Frameworks/CoreServices.framework/Versions/A/Frameworks/SearchKit.framework/Versions/A/SearchKit
0x0000000191217000 	/System/Library/Frameworks/CoreServices.framework/Versions/A/Frameworks/AE.framework/Versions/A/AE
0x000000018b9bd000 	/System/Library/Frameworks/CoreServices.framework/Versions/A/Frameworks/LaunchServices.framework/Versions/A/LaunchServices
0x000000019568a000 	/System/Library/Frameworks/CoreServices.framework/Versions/A/Frameworks/DictionaryServices.framework/Versions/A/DictionaryServices
0x0000000191d62000 	/System/Library/Frameworks/CoreServices.framework/Versions/A/Frameworks/SharedFileList.framework/Versions/A/SharedFileList
0x0000000194733000 	/usr/lib/libCheckFix.dylib
0x000000018fd3e000 	/System/Library/PrivateFrameworks/TCC.framework/Versions/A/TCC
0x0000000193d7c000 	/System/Library/PrivateFrameworks/CoreNLP.framework/Versions/A/CoreNLP
0x000000019142d000 	/System/Library/PrivateFrameworks/MetadataUtilities.framework/Versions/A/MetadataUtilities
0x000000018c0a6000 	/usr/lib/libmecabra.dylib
0x0000000194a19000 	/System/Library/Frameworks/MLCompute.framework/Versions/A/MLCompute
0x000000019476b000 	/usr/lib/libmecab.dylib
0x00000001947b1000 	/usr/lib/libgermantok.dylib
0x0000000195151000 	/usr/lib/libThaiTokenizer.dylib
0x0000000195819000 	/usr/lib/libChineseTokenizer.dylib
0x00000001951a2000 	/System/Library/Frameworks/MetalPerformanceShaders.framework/Versions/A/MetalPerformanceShaders
0x000000019151a000 	/System/Library/Frameworks/Accelerate.framework/Versions/A/Frameworks/vImage.framework/Versions/A/vImage
0x000000019a8c5000 	/System/Library/Frameworks/Accelerate.framework/Versions/A/Frameworks/vecLib.framework/Versions/A/vecLib
0x0000000195824000 	/System/Library/Frameworks/Accelerate.framework/Versions/A/Frameworks/vecLib.framework/Versions/A/libvMisc.dylib
0x00000001942d1000 	/System/Library/Frameworks/Accelerate.framework/Versions/A/Frameworks/vecLib.framework/Versions/A/libvDSP.dylib
0x000000018bcd0000 	/System/Library/Frameworks/Accelerate.framework/Versions/A/Frameworks/vecLib.framework/Versions/A/libBLAS.dylib
0x00000001951cd000 	/System/Library/Frameworks/Accelerate.framework/Versions/A/Frameworks/vecLib.framework/Versions/A/libLAPACK.dylib
0x00000001947b6000 	/System/Library/Frameworks/Accelerate.framework/Versions/A/Frameworks/vecLib.framework/Versions/A/libLinearAlgebra.dylib
0x000000019518f000 	/System/Library/Frameworks/Accelerate.framework/Versions/A/Frameworks/vecLib.framework/Versions/A/libSparseBLAS.dylib
0x00000001951c8000 	/System/Library/Frameworks/Accelerate.framework/Versions/A/Frameworks/vecLib.framework/Versions/A/libQuadrature.dylib
0x0000000193e12000 	/System/Library/Frameworks/Accelerate.framework/Versions/A/Frameworks/vecLib.framework/Versions/A/libBNNS.dylib
0x000000018bf86000 	/System/Library/Frameworks/Accelerate.framework/Versions/A/Frameworks/vecLib.framework/Versions/A/libSparse.dylib
0x0000000193d05000 	/System/Library/Frameworks/MetalPerformanceShaders.framework/Versions/A/Frameworks/MPSCore.framework/Versions/A/MPSCore
0x0000000194bee000 	/System/Library/Frameworks/MetalPerformanceShaders.framework/Versions/A/Frameworks/MPSImage.framework/Versions/A/MPSImage
0x00000001947cb000 	/System/Library/Frameworks/MetalPerformanceShaders.framework/Versions/A/Frameworks/MPSNeuralNetwork.framework/Versions/A/MPSNeuralNetwork
0x0000000194b6c000 	/System/Library/Frameworks/MetalPerformanceShaders.framework/Versions/A/Frameworks/MPSMatrix.framework/Versions/A/MPSMatrix
0x00000001949cf000 	/System/Library/Frameworks/MetalPerformanceShaders.framework/Versions/A/Frameworks/MPSRayIntersector.framework/Versions/A/MPSRayIntersector
0x0000000194b9b000 	/System/Library/Frameworks/MetalPerformanceShaders.framework/Versions/A/Frameworks/MPSNDArray.framework/Versions/A/MPSNDArray
0x000000018bbf6000 	/System/Library/PrivateFrameworks/MetalTools.framework/Versions/A/MetalTools
0x0000000193d74000 	/System/Library/PrivateFrameworks/AggregateDictionary.framework/Versions/A/AggregateDictionary
0x00000001913f7000 	/System/Library/PrivateFrameworks/CoreAnalytics.framework/Versions/A/CoreAnalytics
0x0000000195153000 	/System/Library/PrivateFrameworks/AppleSauce.framework/Versions/A/AppleSauce
0x0000000193111000 	/System/Library/PrivateFrameworks/IOAccelerator.framework/Versions/A/IOAccelerator
0x00000001cd47b000 	/System/Library/Frameworks/OpenGL.framework/Versions/A/Libraries/libCoreFSCache.dylib
0x000000018c662000 	/System/Library/PrivateFrameworks/LanguageModeling.framework/Versions/A/LanguageModeling
0x0000000194380000 	/System/Library/PrivateFrameworks/CoreEmoji.framework/Versions/A/CoreEmoji
0x0000000193e0a000 	/System/Library/PrivateFrameworks/LinguisticData.framework/Versions/A/LinguisticData
0x000000018bf3b000 	/System/Library/PrivateFrameworks/Lexicon.framework/Versions/A/Lexicon
0x000000019505c000 	/usr/lib/libcmph.dylib
0x0000000191d35000 	/System/Library/Frameworks/OpenDirectory.framework/Versions/A/Frameworks/CFOpenDirectory.framework/Versions/A/CFOpenDirectory
0x0000000191d27000 	/System/Library/Frameworks/OpenDirectory.framework/Versions/A/OpenDirectory
0x00000001956f8000 	/System/Library/PrivateFrameworks/APFS.framework/Versions/A/APFS
0x000000019469c000 	/System/Library/Frameworks/SecurityFoundation.framework/Versions/A/SecurityFoundation
0x00000001957eb000 	/usr/lib/libutil.dylib
0x000000018dbdc000 	/System/Library/PrivateFrameworks/CoreServicesStore.framework/Versions/A/CoreServicesStore
0x000000019472a000 	/System/Library/Frameworks/ServiceManagement.framework/Versions/A/ServiceManagement
0x00000001957ef000 	/usr/lib/libxslt.1.dylib
0x0000000194720000 	/System/Library/PrivateFrameworks/BackgroundTaskManagement.framework/Versions/A/BackgroundTaskManagement
0x00000001966d5000 	/System/Library/Frameworks/ImageIO.framework/Versions/A/Resources/libRadiance.dylib
0x00000001966de000 	/System/Library/Frameworks/ImageIO.framework/Versions/A/Resources/libJPEG.dylib
0x000000019662d000 	/System/Library/Frameworks/ImageIO.framework/Versions/A/Resources/libPng.dylib
0x0000000196654000 	/System/Library/Frameworks/ImageIO.framework/Versions/A/Resources/libTIFF.dylib
0x000000019672f000 	/System/Library/Frameworks/ImageIO.framework/Versions/A/Resources/libGIF.dylib
0x00000001963aa000 	/System/Library/Frameworks/ImageIO.framework/Versions/A/Resources/libJP2.dylib
0x0000000195b01000 	/usr/lib/libexpat.1.dylib
0x0000000196366000 	/System/Library/PrivateFrameworks/AppleJPEG.framework/Versions/A/AppleJPEG
0x0000000193322000 	/System/Library/PrivateFrameworks/FontServices.framework/libFontParser.dylib
0x00000001911c9000 	/System/Library/PrivateFrameworks/RunningBoardServices.framework/Versions/A/RunningBoardServices
0x000000019f8b6000 	/System/Library/PrivateFrameworks/IOSurfaceAccelerator.framework/Versions/A/IOSurfaceAccelerator
0x000000019648c000 	/System/Library/PrivateFrameworks/WatchdogClient.framework/Versions/A/WatchdogClient
0x000000018c752000 	/System/Library/Frameworks/CoreDisplay.framework/Versions/A/CoreDisplay
0x000000019322a000 	/System/Library/Frameworks/CoreMedia.framework/Versions/A/CoreMedia
0x0000000191eb9000 	/System/Library/Frameworks/CoreVideo.framework/Versions/A/CoreVideo
0x00000001964c9000 	/System/Library/Frameworks/VideoToolbox.framework/Versions/A/VideoToolbox
0x0000000191146000 	/System/Library/PrivateFrameworks/BaseBoard.framework/Versions/A/BaseBoard
0x0000000195c3e000 	/System/Library/PrivateFrameworks/PersistentConnection.framework/Versions/A/PersistentConnection
0x0000000190f05000 	/System/Library/PrivateFrameworks/ProtocolBuffer.framework/Versions/A/ProtocolBuffer
0x000000019112f000 	/System/Library/PrivateFrameworks/CommonUtilities.framework/Versions/A/CommonUtilities
0x000000019632b000 	/System/Library/PrivateFrameworks/Bom.framework/Versions/A/Bom
0x00000001966d0000 	/System/Library/PrivateFrameworks/GPUWrangler.framework/Versions/A/GPUWrangler
0x00000001966b1000 	/System/Library/PrivateFrameworks/IOPresentment.framework/Versions/A/IOPresentment
0x00000001966d8000 	/System/Library/PrivateFrameworks/DSExternalDisplay.framework/Versions/A/DSExternalDisplay
0x0000000196734000 	/System/Library/PrivateFrameworks/CMCaptureCore.framework/Versions/A/CMCaptureCore
0x00000001960c6000 	/System/Library/PrivateFrameworks/AppServerSupport.framework/Versions/A/AppServerSupport
0x00000001980fe000 	/System/Library/PrivateFrameworks/perfdata.framework/Versions/A/perfdata
0x000000019468c000 	/System/Library/PrivateFrameworks/AssertionServices.framework/Versions/A/AssertionServices
0x000000018c875000 	/System/Library/PrivateFrameworks/AudioToolboxCore.framework/Versions/A/AudioToolboxCore
0x000000019320a000 	/System/Library/PrivateFrameworks/caulk.framework/Versions/A/caulk
0x00000001a6ecc000 	/System/Library/PrivateFrameworks/SystemPolicy.framework/Versions/A/SystemPolicy
0x0000000195926000 	/usr/lib/libIOReport.dylib
0x000000019799a000 	/usr/lib/libSMC.dylib
0x00000001965fa000 	/usr/lib/libAudioToolboxUtility.dylib
0x00000001a7851000 	/usr/lib/libmis.dylib
0x00000001cd4dd000 	/System/Library/Frameworks/OpenGL.framework/Versions/A/Libraries/libGLU.dylib
0x00000001cd49b000 	/System/Library/Frameworks/OpenGL.framework/Versions/A/Libraries/libGFXShared.dylib
0x00000001cd683000 	/System/Library/Frameworks/OpenGL.framework/Versions/A/Libraries/libGL.dylib
0x00000001cd4a4000 	/System/Library/Frameworks/OpenGL.framework/Versions/A/Libraries/libGLImage.dylib
0x00000001cd498000 	/System/Library/Frameworks/OpenGL.framework/Versions/A/Libraries/libCVMSPluginSupport.dylib
0x00000001cd482000 	/System/Library/Frameworks/OpenGL.framework/Versions/A/Libraries/libCoreVMClient.dylib
0x000000019e3fa000 	/System/Library/PrivateFrameworks/ASEProcessing.framework/Versions/A/ASEProcessing
0x0000000195c65000 	/System/Library/PrivateFrameworks/GraphVisualizer.framework/Versions/A/GraphVisualizer
0x0000000195c73000 	/System/Library/PrivateFrameworks/FaceCore.framework/Versions/A/FaceCore
0x0000000196086000 	/System/Library/PrivateFrameworks/OTSVG.framework/Versions/A/OTSVG
0x0000000191ae2000 	/System/Library/Frameworks/ApplicationServices.framework/Versions/A/Frameworks/ATS.framework/Versions/A/Resources/libFontRegistry.dylib
0x00000001960ce000 	/System/Library/PrivateFrameworks/FontServices.framework/libhvf.dylib
0x00000001cd81e000 	/System/Library/Frameworks/OpenCL.framework/Versions/A/OpenCL
0x0000000195ab5000 	/System/Library/PrivateFrameworks/AppleVA.framework/Versions/A/AppleVA
0x00000001977e6000 	/System/Library/Frameworks/ApplicationServices.framework/Versions/A/Frameworks/ATS.framework/Versions/A/ATS
0x0000000197af9000 	/System/Library/Frameworks/ApplicationServices.framework/Versions/A/Frameworks/ColorSyncLegacy.framework/Versions/A/ColorSyncLegacy
0x00000001907a7000 	/System/Library/Frameworks/ApplicationServices.framework/Versions/A/Frameworks/HIServices.framework/Versions/A/HIServices
0x0000000197ad8000 	/System/Library/Frameworks/ApplicationServices.framework/Versions/A/Frameworks/LangAnalysis.framework/Versions/A/LangAnalysis
0x000000019673e000 	/System/Library/Frameworks/ApplicationServices.framework/Versions/A/Frameworks/PrintCore.framework/Versions/A/PrintCore
0x0000000197b01000 	/System/Library/Frameworks/ApplicationServices.framework/Versions/A/Frameworks/QD.framework/Versions/A/QD
0x00000001977d2000 	/System/Library/Frameworks/ApplicationServices.framework/Versions/A/Frameworks/SpeechSynthesis.framework/Versions/A/SpeechSynthesis
0x00000001966ff000 	/System/Library/Frameworks/ApplicationServices.framework/Versions/A/Frameworks/ATSUI.framework/Versions/A/ATSUI
0x0000000197a7a000 	/usr/lib/libcups.2.dylib
0x0000000197aec000 	/System/Library/PrivateFrameworks/NetAuth.framework/Versions/A/NetAuth
0x0000000198118000 	/System/Library/Frameworks/Kerberos.framework/Versions/A/Kerberos
0x0000000198129000 	/System/Library/Frameworks/GSS.framework/Versions/A/GSS
0x0000000197855000 	/usr/lib/libresolv.9.dylib
0x00000001960e4000 	/System/Library/PrivateFrameworks/Heimdal.framework/Versions/A/Heimdal
0x000000019d9e5000 	/System/Library/Frameworks/Kerberos.framework/Versions/A/Libraries/libHeimdalProxy.dylib
0x000000019129b000 	/System/Library/Frameworks/Network.framework/Versions/A/Network
0x0000000195b1b000 	/usr/lib/libheimdal-asn1.dylib
0x0000000198171000 	/System/Library/PrivateFrameworks/CommonAuth.framework/Versions/A/CommonAuth
0x0000000191f0d000 	/System/Library/PrivateFrameworks/login.framework/Versions/A/Frameworks/loginsupport.framework/Versions/A/loginsupport
0x0000000197757000 	/System/Library/PrivateFrameworks/AudioSession.framework/Versions/A/AudioSession
0x00000001977bf000 	/usr/lib/libAudioStatistics.dylib
0x0000000195b9b000 	/System/Library/PrivateFrameworks/MediaExperience.framework/Versions/A/MediaExperience
0x00000001975f8000 	/System/Library/PrivateFrameworks/AudioSession.framework/libSessionUtility.dylib
0x000000019810a000 	/usr/lib/libperfcheck.dylib
0x0000000197b0d000 	/System/Library/PrivateFrameworks/AudioResourceArbitration.framework/Versions/A/AudioResourceArbitration
0x0000000195b24000 	/System/Library/PrivateFrameworks/IconFoundation.framework/Versions/A/IconFoundation
0x000000019a5ac000 	/System/Library/PrivateFrameworks/SpeechRecognitionCore.framework/Versions/A/SpeechRecognitionCore
0x0000000107000000 	/Library/Java/JavaVirtualMachines/zulu-16.jdk/Contents/Home/lib/server/libjvm.dylib
0x0000000102a5c000 	/Library/Java/JavaVirtualMachines/zulu-16.jdk/Contents/Home/lib/libjimage.dylib
0x0000000102ac0000 	/Library/Java/JavaVirtualMachines/zulu-16.jdk/Contents/Home/lib/libjava.dylib
0x0000000102c68000 	/Library/Java/JavaVirtualMachines/zulu-16.jdk/Contents/Home/lib/libnio.dylib
0x0000000102c88000 	/Library/Java/JavaVirtualMachines/zulu-16.jdk/Contents/Home/lib/libnet.dylib


VM Arguments:
jvm_args: -Dapplication.home=/Library/Java/JavaVirtualMachines/zulu-16.jdk/Contents/Home --add-modules=ALL-DEFAULT -Xms8m -Djdk.module.main=jdk.compiler 
java_command: jdk.compiler/com.sun.tools.javac.Main -d out/ src/Author.java src/Main.java src/Person.java
java_class_path (initial): <not set>
Launcher Type: SUN_STANDARD

[Global flags]
     intx CICompilerCount                          = 4                                         {product} {ergonomic}
     uint ConcGCThreads                            = 2                                         {product} {ergonomic}
     uint G1ConcRefinementThreads                  = 8                                         {product} {ergonomic}
   size_t G1HeapRegionSize                         = 1048576                                   {product} {ergonomic}
    uintx GCDrainStackTargetSize                   = 64                                        {product} {ergonomic}
   size_t InitialHeapSize                          = 8388608                                   {product} {command line}
   size_t MarkStackSize                            = 4194304                                   {product} {ergonomic}
   size_t MaxHeapSize                              = 2147483648                                {product} {ergonomic}
   size_t MaxNewSize                               = 1287651328                                {product} {ergonomic}
   size_t MinHeapDeltaBytes                        = 1048576                                   {product} {ergonomic}
   size_t MinHeapSize                              = 8388608                                   {product} {command line}
    uintx NonNMethodCodeHeapSize                   = 5839564                                {pd product} {ergonomic}
    uintx NonProfiledCodeHeapSize                  = 122909338                              {pd product} {ergonomic}
    uintx ProfiledCodeHeapSize                     = 122909338                              {pd product} {ergonomic}
    uintx ReservedCodeCacheSize                    = 251658240                              {pd product} {ergonomic}
     bool SegmentedCodeCache                       = true                                      {product} {ergonomic}
   size_t SoftMaxHeapSize                          = 2147483648                             {manageable} {ergonomic}
     bool UseCompressedClassPointers               = true                           {product lp64_product} {ergonomic}
     bool UseCompressedOops                        = true                           {product lp64_product} {ergonomic}
     bool UseG1GC                                  = true                                      {product} {ergonomic}
     bool UseNUMA                                  = false                                     {product} {ergonomic}
     bool UseNUMAInterleaving                      = false                                     {product} {ergonomic}

Logging:
Log output configuration:
 #0: stdout all=warning uptime,level,tags
 #1: stderr all=off uptime,level,tags

Environment Variables:
PATH=/opt/homebrew/bin:/usr/local/bin:/usr/bin:/bin:/usr/sbin:/sbin
SHELL=/bin/zsh
LC_CTYPE=en_US.UTF-8

Signal Handlers:
SIGSEGV: [libjvm.dylib+0x9ace24], sa_mask[0]=11100110000111110111111111111111, sa_flags=SA_ONSTACK|SA_RESTART|SA_SIGINFO
SIGBUS: [libjvm.dylib+0x9ace24], sa_mask[0]=11100110000111110111111111111111, sa_flags=SA_RESTART|SA_SIGINFO
SIGFPE: [libjvm.dylib+0x9ace24], sa_mask[0]=11100110000111110111111111111111, sa_flags=SA_RESTART|SA_SIGINFO
SIGPIPE: [libjvm.dylib+0x896640], sa_mask[0]=11100110000111110111111111111111, sa_flags=SA_RESTART|SA_SIGINFO
SIGXFSZ: [libjvm.dylib+0x896640], sa_mask[0]=11100110000111110111111111111111, sa_flags=SA_RESTART|SA_SIGINFO
SIGILL: [libjvm.dylib+0x9ace24], sa_mask[0]=11100110000111110111111111111111, sa_flags=SA_RESTART|SA_SIGINFO
SIGUSR2: [libjvm.dylib+0x897078], sa_mask[0]=00000000000000000000000000000000, sa_flags=SA_RESTART|SA_SIGINFO
SIGHUP: [libjvm.dylib+0x8956f0], sa_mask[0]=11100110000111110111111111111111, sa_flags=SA_RESTART|SA_SIGINFO
SIGINT: [libjvm.dylib+0x8956f0], sa_mask[0]=11100110000111110111111111111111, sa_flags=SA_RESTART|SA_SIGINFO
SIGTERM: [libjvm.dylib+0x8956f0], sa_mask[0]=11100110000111110111111111111111, sa_flags=SA_RESTART|SA_SIGINFO
SIGQUIT: [libjvm.dylib+0x8956f0], sa_mask[0]=11100110000111110111111111111111, sa_flags=SA_RESTART|SA_SIGINFO
SIGTRAP: [libjvm.dylib+0x9ace24], sa_mask[0]=11100110000111110111111111111111, sa_flags=SA_RESTART|SA_SIGINFO


---------------  S Y S T E M  ---------------

OS:uname: Darwin 20.5.0 Darwin Kernel Version 20.5.0: Sat May  8 05:10:31 PDT 2021; root:xnu-7195.121.3~9/RELEASE_ARM64_T8101 arm64
OS uptime: 23 days 20:56 hours
rlimit (soft/hard): STACK 8176k/65520k , CORE 0k/infinity , NPROC 1333/2000 , NOFILE 10240/infinity , AS infinity/infinity , CPU infinity/infinity , DATA infinity/infinity , FSIZE infinity/infinity , MEMLOCK infinity/infinity , RSS infinity/infinity
load average: 3.41 3.32 3.10

CPU: total 8 (initial active 8) 0x61:0x0:0x1b588bb3:0, simd, crc, lse

Memory: 16k page, physical 8388608k(62384k free), swap 4194304k(1274880k free)

vm_info: OpenJDK 64-Bit Server VM (16+36) for bsd-aarch64 JRE (16+36) (Zulu16.28+11-CA), built on Mar  9 2021 03:14:09 by "zulu_re" with clang Apple LLVM 12.0.0 (clang-1200.0.32.28)

END.
